<?xml version="1.0" encoding="UTF-8"?>
<!-- Generated by org.testng.reporters.JUnitXMLReporter -->
<testsuite ignored="0" hostname="LAPTOP-J6JSJEKO" failures="0" tests="7" name="Default test" time="12.229" errors="0" timestamp="2021-09-29T23:52:26 IST">
  <testcase classname="tea.testWelcomepage" name="@BeforeClass getSetup" time="0.053">
    <failure type="java.lang.NullPointerException">
      <![CDATA[java.lang.NullPointerException
at com.tea.qa.base.base.setup(base.java:24)
at tea.testWelcomepage.getSetup(testWelcomepage.java:29)
at java.base/jdk.internal.reflect.NativeMethodAccessorImpl.invoke0(Native Method)
at java.base/jdk.internal.reflect.NativeMethodAccessorImpl.invoke(NativeMethodAccessorImpl.java:62)
at java.base/jdk.internal.reflect.DelegatingMethodAccessorImpl.invoke(DelegatingMethodAccessorImpl.java:43)
at java.base/java.lang.reflect.Method.invoke(Method.java:566)
at org.testng.internal.MethodInvocationHelper.invokeMethod(MethodInvocationHelper.java:133)
at org.testng.internal.MethodInvocationHelper.invokeMethodConsideringTimeout(MethodInvocationHelper.java:62)
at org.testng.internal.ConfigInvoker.invokeConfigurationMethod(ConfigInvoker.java:385)
at org.testng.internal.ConfigInvoker.invokeConfigurations(ConfigInvoker.java:321)
at org.testng.internal.TestMethodWorker.invokeBeforeClassMethods(TestMethodWorker.java:176)
at org.testng.internal.TestMethodWorker.run(TestMethodWorker.java:122)
at java.base/java.util.ArrayList.forEach(ArrayList.java:1541)
at org.testng.TestRunner.privateRun(TestRunner.java:794)
at org.testng.TestRunner.run(TestRunner.java:596)
at org.testng.SuiteRunner.runTest(SuiteRunner.java:377)
at org.testng.SuiteRunner.runSequentially(SuiteRunner.java:371)
at org.testng.SuiteRunner.privateRun(SuiteRunner.java:332)
at org.testng.SuiteRunner.run(SuiteRunner.java:276)
at org.testng.SuiteRunnerWorker.runSuite(SuiteRunnerWorker.java:53)
at org.testng.SuiteRunnerWorker.run(SuiteRunnerWorker.java:96)
at org.testng.TestNG.runSuitesSequentially(TestNG.java:1212)
at org.testng.TestNG.runSuitesLocally(TestNG.java:1134)
at org.testng.TestNG.runSuites(TestNG.java:1063)
at org.testng.TestNG.run(TestNG.java:1031)
at org.testng.remote.AbstractRemoteTestNG.run(AbstractRemoteTestNG.java:115)
at org.testng.remote.RemoteTestNG.initAndRun(RemoteTestNG.java:251)
at org.testng.remote.RemoteTestNG.main(RemoteTestNG.java:77)
]]>
    </failure>
  </testcase> <!-- @BeforeClass getSetup -->
  <testcase classname="tea.testWelcomepage" name="@AfterClass teardown" time="-1.632939745564E9">
    <skipped/>
  </testcase> <!-- @AfterClass teardown -->
  <testcase classname="tea.testWelcomepage" name="testaddproduct" time="0.0">
    <skipped/>
  </testcase> <!-- testaddproduct -->
  <testcase classname="tea.testWelcomepage" name="testWelcome" time="0.0">
    <skipped/>
  </testcase> <!-- testWelcome -->
  <testcase classname="tea.testWelcomepage" name="testMenu" time="0.0">
    <skipped/>
  </testcase> <!-- testMenu -->
  <testcase classname="tea.testWelcomepage" name="testCheckout" time="0.0">
    <skipped/>
  </testcase> <!-- testCheckout -->
  <testcase classname="tea.testWelcomepage" name="testTalk" time="0.0">
    <skipped/>
  </testcase> <!-- testTalk -->
  <testcase classname="tea.testWelcomepage" name="testPassion" time="0.0">
    <skipped/>
  </testcase> <!-- testPassion -->
  <testcase classname="tea.testWelcomepage" name="testallLink" time="0.0">
    <skipped/>
  </testcase> <!-- testallLink -->
</testsuite> <!-- Default test -->
