<?xml version="1.0" encoding="UTF-8"?>
<!-- Generated by org.testng.reporters.JUnitXMLReporter -->
<testsuite ignored="0" hostname="LAPTOP-J6JSJEKO" failures="2" tests="9" name="Test" time="74.98" errors="0" timestamp="2021-09-04T11:02:41 IST">
  <testcase classname="tea.testWelcomepage" name="testaddproduct" time="4.33"/>
  <testcase classname="tea.testWelcomepage" name="testWelcome" time="3.632"/>
  <testcase classname="tea.testWelcomepage" name="testMenu" time="3.857"/>
  <testcase classname="tea.testWelcomepage" name="testCheckout" time="3.764"/>
  <testcase classname="tea.testWelcomepage" name="testTalk" time="7.151"/>
  <testcase classname="tea.testWelcomepage" name="testPassion" time="4.565"/>
  <testcase classname="tea.testWelcomepage" name="testallLink" time="11.528"/>
  <testcase classname="tea.testPassionpage" name="testPageload" time="0.001">
    <failure type="java.lang.NullPointerException">
      <![CDATA[java.lang.NullPointerException
at com.tea.qa.pages.passionpage.getPic(passionpage.java:20)
at tea.testPassionpage.testPageload(testPassionpage.java:30)
at java.base/java.util.ArrayList.forEach(ArrayList.java:1541)
... Removed 31 stack frames]]>
    </failure>
  </testcase> <!-- testPageload -->
  <testcase classname="tea.testPassionpage" name="testdoubleclick" time="0.024">
    <failure type="java.lang.IllegalArgumentException" message="Driver must be set">
      <![CDATA[java.lang.IllegalArgumentException: Driver must be set
at org.openqa.selenium.internal.Require.nonNull(Require.java:51)
at org.openqa.selenium.interactions.Actions.<init>(Actions.java:67)
at com.tea.qa.pages.passionpage.clickdouble(passionpage.java:24)
at tea.testPassionpage.testdoubleclick(testPassionpage.java:36)
at java.base/java.util.ArrayList.forEach(ArrayList.java:1541)
... Removed 31 stack frames]]>
    </failure>
  </testcase> <!-- testdoubleclick -->
</testsuite> <!-- Test -->
