<?xml version="1.0" encoding="UTF-8"?>
<!-- Generated by org.testng.reporters.JUnitXMLReporter -->
<testsuite ignored="0" hostname="LAPTOP-J6JSJEKO" failures="0" tests="9" name="TestWelcome" time="73.022" errors="0" timestamp="2021-09-04T13:10:39 IST">
  <testcase classname="tea.testWelcomepage" name="testaddproduct" time="3.867"/>
  <testcase classname="tea.testWelcomepage" name="testWelcome" time="3.573"/>
  <testcase classname="tea.testWelcomepage" name="testMenu" time="3.619"/>
  <testcase classname="tea.testWelcomepage" name="testCheckout" time="3.999"/>
  <testcase classname="tea.testWelcomepage" name="testTalk" time="6.673"/>
  <testcase classname="tea.testWelcomepage" name="testPassion" time="4.055"/>
  <testcase classname="tea.testWelcomepage" name="testallLink" time="11.351"/>
  <testcase classname="tea.testPassionpage" name="testPageload" time="0.117"/>
  <testcase classname="tea.testPassionpage" name="testdoubleclick" time="0.325"/>
</testsuite> <!-- TestWelcome -->
