<?xml version="1.0" encoding="UTF-8"?>
<testsuite xmlns:xsi="http://www.w3.org/2001/XMLSchema-instance" xsi:noNamespaceSchemaLocation="https://maven.apache.org/surefire/maven-surefire-plugin/xsd/surefire-test-report-3.0.xsd" version="3.0" name="TestSuite" time="76.7" tests="9" errors="0" skipped="0" failures="0">
  <properties>
[...]
</properties>
  <testcase name="testaddproduct[Loose Tea](1)" classname="tea.testWelcomepage" time="3.69">
    <system-err><![CDATA[SLF4J: Failed to load class "org.slf4j.impl.StaticLoggerBinder".
SLF4J: Defaulting to no-operation (NOP) logger implementation
SLF4J: See http://www.slf4j.org/codes.html#StaticLoggerBinder for further details.
Starting ChromeDriver 92.0.4515.43 (8c61b7e2989f2990d42f859cac71319137787cce-refs/branch-heads/4515@{#306}) on port 13810
Only local connections are allowed.
Please see https://chromedriver.chromium.org/security-considerations for suggestions on keeping ChromeDriver safe.
ChromeDriver was started successfully.
[1630741173.177][WARNING]: This version of ChromeDriver has not been tested with Chrome version 93.
Sep 04, 2021 1:09:33 PM org.openqa.selenium.remote.ProtocolHandshake createSession
INFO: Detected dialect: W3C
Sep 04, 2021 1:09:34 PM org.openqa.selenium.devtools.CdpVersionFinder findNearestMatch
WARNING: Unable to find an exact match for CDP version 93, so returning the closest version found: a no-op implementation
Sep 04, 2021 1:09:34 PM org.openqa.selenium.devtools.CdpVersionFinder findNearestMatch
INFO: Unable to find CDP implementation matching 93.
Sep 04, 2021 1:09:34 PM org.openqa.selenium.chromium.ChromiumDriver lambda$new$0
WARNING: Unable to find version of CDP to use for . You may need to include a dependency on a specific version of the CDP using something similar to `org.seleniumhq.selenium:selenium-devtools-v86:4.0.0-alpha-7` where the version ("v86") matches the version of the chromium-based browser you're using and the version number of the artifact is the same as Selenium's.
]]></system-err>
  </testcase>
  <testcase name="testWelcome" classname="tea.testWelcomepage" time="3.573"/>
  <testcase name="testMenu" classname="tea.testWelcomepage" time="3.619"/>
  <testcase name="testCheckout" classname="tea.testWelcomepage" time="3.998"/>
  <testcase name="testTalk" classname="tea.testWelcomepage" time="6.674"/>
  <testcase name="testPassion" classname="tea.testWelcomepage" time="4.054"/>
  <testcase name="testallLink" classname="tea.testWelcomepage" time="11.369">
    <system-out><![CDATA[5
]]></system-out>
  </testcase>
  <testcase name="testPageload" classname="tea.testPassionpage" time="0.015">
    <system-err><![CDATA[Starting ChromeDriver 92.0.4515.43 (8c61b7e2989f2990d42f859cac71319137787cce-refs/branch-heads/4515@{#306}) on port 29278
Only local connections are allowed.
Please see https://chromedriver.chromium.org/security-considerations for suggestions on keeping ChromeDriver safe.
ChromeDriver was started successfully.
[1630741228.407][WARNING]: This version of ChromeDriver has not been tested with Chrome version 93.
Sep 04, 2021 1:10:30 PM org.openqa.selenium.remote.ProtocolHandshake createSession
INFO: Detected dialect: W3C
Sep 04, 2021 1:10:30 PM org.openqa.selenium.devtools.CdpVersionFinder findNearestMatch
WARNING: Unable to find an exact match for CDP version 93, so returning the closest version found: a no-op implementation
Sep 04, 2021 1:10:30 PM org.openqa.selenium.devtools.CdpVersionFinder findNearestMatch
INFO: Unable to find CDP implementation matching 93.
Sep 04, 2021 1:10:30 PM org.openqa.selenium.chromium.ChromiumDriver lambda$new$0
WARNING: Unable to find version of CDP to use for . You may need to include a dependency on a specific version of the CDP using something similar to `org.seleniumhq.selenium:selenium-devtools-v86:4.0.0-alpha-7` where the version ("v86") matches the version of the chromium-based browser you're using and the version number of the artifact is the same as Selenium's.
]]></system-err>
  </testcase>
  <testcase name="testdoubleclick" classname="tea.testPassionpage" time="0.326"/>
</testsuite>